<?xml version="1.0" encoding="UTF-8"?>
<!-- Generated by org.testng.reporters.JUnitReportReporter -->
<testsuite hostname="shashank" failures="0" tests="2" name="automationTesting.frameWork.SubMitOrder" time="20.113" errors="0" timestamp="2023-11-01T12:49:47 IST" skipped="0">
  <testcase classname="automationTesting.frameWork.SubMitOrder" name="loginTest" time="8.746"/>
  <testcase classname="automationTesting.frameWork.SubMitOrder" name="loginTest" time="11.367"/>
</testsuite> <!-- automationTesting.frameWork.SubMitOrder -->
